Ignoring skylight-1.6.1 because its extensions are not built.  Try: gem pristine skylight --version 1.6.1
== Sinatra (v2.0.2) has taken the stage on 4567 for development with backup from Puma
Puma starting in single mode...
* Version 3.11.4 (ruby 2.4.1-p111), codename: Love Song
* Min threads: 0, max threads: 16
* Environment: development
* Listening on tcp://localhost:4567
Use Ctrl-C to stop
- Gracefully stopping, waiting for requests to finish
=== puma shutdown: 2018-08-17 15:39:47 -0400 ===
- Goodbye!
== Sinatra has ended his set (crowd applauds)
Ignoring skylight-1.6.1 because its extensions are not built.  Try: gem pristine skylight --version 1.6.1
== Sinatra (v2.0.2) has taken the stage on 4567 for development with backup from Puma
Puma starting in single mode...
* Version 3.11.4 (ruby 2.4.1-p111), codename: Love Song
* Min threads: 0, max threads: 16
* Environment: development
* Listening on tcp://localhost:4567
Use Ctrl-C to stop
- Gracefully stopping, waiting for requests to finish
=== puma shutdown: 2018-08-17 17:17:20 -0400 ===
- Goodbye!
== Sinatra has ended his set (crowd applauds)
Ignoring skylight-1.6.1 because its extensions are not built.  Try: gem pristine skylight --version 1.6.1
== Sinatra (v2.0.2) has taken the stage on 4567 for development with backup from Puma
Puma starting in single mode...
* Version 3.11.4 (ruby 2.4.1-p111), codename: Love Song
* Min threads: 0, max threads: 16
* Environment: development
* Listening on tcp://localhost:4567
Use Ctrl-C to stop
- Gracefully stopping, waiting for requests to finish
=== puma shutdown: 2018-08-17 17:17:33 -0400 ===
- Goodbye!
== Sinatra has ended his set (crowd applauds)
Ignoring skylight-1.6.1 because its extensions are not built.  Try: gem pristine skylight --version 1.6.1
== Sinatra (v2.0.2) has taken the stage on 4567 for development with backup from Puma
Puma starting in single mode...
* Version 3.11.4 (ruby 2.4.1-p111), codename: Love Song
* Min threads: 0, max threads: 16
* Environment: development
* Listening on tcp://localhost:4567
Use Ctrl-C to stop
- Gracefully stopping, waiting for requests to finish
=== puma shutdown: 2018-08-17 17:17:47 -0400 ===
- Goodbye!
== Sinatra has ended his set (crowd applauds)
Ignoring skylight-1.6.1 because its extensions are not built.  Try: gem pristine skylight --version 1.6.1
== Sinatra (v2.0.2) has taken the stage on 4567 for development with backup from Puma
Puma starting in single mode...
* Version 3.11.4 (ruby 2.4.1-p111), codename: Love Song
* Min threads: 0, max threads: 16
* Environment: development
* Listening on tcp://localhost:4567
Use Ctrl-C to stop
- Gracefully stopping, waiting for requests to finish
=== puma shutdown: 2018-08-17 17:17:57 -0400 ===
- Goodbye!
== Sinatra has ended his set (crowd applauds)
Ignoring skylight-1.6.1 because its extensions are not built.  Try: gem pristine skylight --version 1.6.1
== Sinatra (v2.0.2) has taken the stage on 4567 for development with backup from Puma
Puma starting in single mode...
* Version 3.11.4 (ruby 2.4.1-p111), codename: Love Song
* Min threads: 0, max threads: 16
* Environment: development
* Listening on tcp://localhost:4567
Use Ctrl-C to stop
- Gracefully stopping, waiting for requests to finish
=== puma shutdown: 2018-08-17 17:18:00 -0400 ===
- Goodbye!
== Sinatra has ended his set (crowd applauds)
Ignoring skylight-1.6.1 because its extensions are not built.  Try: gem pristine skylight --version 1.6.1
== Sinatra (v2.0.2) has taken the stage on 4567 for development with backup from Puma
Puma starting in single mode...
* Version 3.11.4 (ruby 2.4.1-p111), codename: Love Song
* Min threads: 0, max threads: 16
* Environment: development
* Listening on tcp://localhost:4567
Use Ctrl-C to stop
- Gracefully stopping, waiting for requests to finish
=== puma shutdown: 2018-08-17 17:39:28 -0400 ===
- Goodbye!
== Sinatra has ended his set (crowd applauds)
Ignoring skylight-1.6.1 because its extensions are not built.  Try: gem pristine skylight --version 1.6.1
== Sinatra (v2.0.2) has taken the stage on 4567 for development with backup from Puma
Puma starting in single mode...
* Version 3.11.4 (ruby 2.4.1-p111), codename: Love Song
* Min threads: 0, max threads: 16
* Environment: development
* Listening on tcp://localhost:4567
Use Ctrl-C to stop
- Gracefully stopping, waiting for requests to finish
=== puma shutdown: 2018-08-17 17:40:07 -0400 ===
- Goodbye!
== Sinatra has ended his set (crowd applauds)
Ignoring skylight-1.6.1 because its extensions are not built.  Try: gem pristine skylight --version 1.6.1
== Sinatra (v2.0.2) has taken the stage on 4567 for development with backup from Puma
Puma starting in single mode...
* Version 3.11.4 (ruby 2.4.1-p111), codename: Love Song
* Min threads: 0, max threads: 16
* Environment: development
* Listening on tcp://localhost:4567
Use Ctrl-C to stop
- Gracefully stopping, waiting for requests to finish
=== puma shutdown: 2018-08-17 17:41:01 -0400 ===
- Goodbye!
== Sinatra has ended his set (crowd applauds)
Ignoring skylight-1.6.1 because its extensions are not built.  Try: gem pristine skylight --version 1.6.1
== Sinatra (v2.0.2) has taken the stage on 4567 for development with backup from Puma
Puma starting in single mode...
* Version 3.11.4 (ruby 2.4.1-p111), codename: Love Song
* Min threads: 0, max threads: 16
* Environment: development
* Listening on tcp://localhost:4567
Use Ctrl-C to stop
- Gracefully stopping, waiting for requests to finish
=== puma shutdown: 2018-08-17 17:41:20 -0400 ===
- Goodbye!
== Sinatra has ended his set (crowd applauds)
Ignoring skylight-1.6.1 because its extensions are not built.  Try: gem pristine skylight --version 1.6.1
== Sinatra (v2.0.2) has taken the stage on 4567 for development with backup from Puma
Puma starting in single mode...
* Version 3.11.4 (ruby 2.4.1-p111), codename: Love Song
* Min threads: 0, max threads: 16
* Environment: development
* Listening on tcp://localhost:4567
Use Ctrl-C to stop
- Gracefully stopping, waiting for requests to finish
=== puma shutdown: 2018-08-17 18:05:24 -0400 ===
- Goodbye!
== Sinatra has ended his set (crowd applauds)
Ignoring skylight-1.6.1 because its extensions are not built.  Try: gem pristine skylight --version 1.6.1
== Sinatra (v2.0.2) has taken the stage on 4567 for development with backup from Puma
Puma starting in single mode...
* Version 3.11.4 (ruby 2.4.1-p111), codename: Love Song
* Min threads: 0, max threads: 16
* Environment: development
* Listening on tcp://localhost:4567
Use Ctrl-C to stop
- Gracefully stopping, waiting for requests to finish
=== puma shutdown: 2018-08-17 18:05:29 -0400 ===
- Goodbye!
== Sinatra has ended his set (crowd applauds)
Ignoring skylight-1.6.1 because its extensions are not built.  Try: gem pristine skylight --version 1.6.1
== Sinatra (v2.0.2) has taken the stage on 4567 for development with backup from Puma
Puma starting in single mode...
* Version 3.11.4 (ruby 2.4.1-p111), codename: Love Song
* Min threads: 0, max threads: 16
* Environment: development
* Listening on tcp://localhost:4567
Use Ctrl-C to stop
- Gracefully stopping, waiting for requests to finish
=== puma shutdown: 2018-08-17 18:05:44 -0400 ===
- Goodbye!
== Sinatra has ended his set (crowd applauds)
Ignoring skylight-1.6.1 because its extensions are not built.  Try: gem pristine skylight --version 1.6.1
== Sinatra (v2.0.2) has taken the stage on 4567 for development with backup from Puma
Puma starting in single mode...
* Version 3.11.4 (ruby 2.4.1-p111), codename: Love Song
* Min threads: 0, max threads: 16
* Environment: development
* Listening on tcp://localhost:4567
Use Ctrl-C to stop
- Gracefully stopping, waiting for requests to finish
=== puma shutdown: 2018-08-17 18:08:55 -0400 ===
- Goodbye!
== Sinatra has ended his set (crowd applauds)
Ignoring skylight-1.6.1 because its extensions are not built.  Try: gem pristine skylight --version 1.6.1
== Sinatra (v2.0.2) has taken the stage on 4567 for development with backup from Puma
Puma starting in single mode...
* Version 3.11.4 (ruby 2.4.1-p111), codename: Love Song
* Min threads: 0, max threads: 16
* Environment: development
* Listening on tcp://localhost:4567
Use Ctrl-C to stop
Ignoring skylight-1.6.1 because its extensions are not built.  Try: gem pristine skylight --version 1.6.1
== Sinatra (v2.0.2) has taken the stage on 4567 for development with backup from Puma
Puma starting in single mode...
* Version 3.11.4 (ruby 2.4.1-p111), codename: Love Song
* Min threads: 0, max threads: 16
* Environment: development
* Listening on tcp://localhost:4567
== Someone is already performing on port 4567!
/Users/michaelk/.rvm/gems/ruby-2.4.1/gems/puma-3.11.4/lib/puma/single.rb:18:in `stop': undefined method `stop' for nil:NilClass (NoMethodError)
	from /Users/michaelk/.rvm/gems/ruby-2.4.1/gems/puma-3.11.4/lib/puma/launcher.rb:147:in `stop'
	from /Users/michaelk/.rvm/gems/ruby-2.4.1/gems/sinatra-2.0.2/lib/sinatra/base.rb:1439:in `quit!'
	from /Users/michaelk/.rvm/gems/ruby-2.4.1/gems/sinatra-2.0.2/lib/sinatra/base.rb:1464:in `ensure in run!'
	from /Users/michaelk/.rvm/gems/ruby-2.4.1/gems/sinatra-2.0.2/lib/sinatra/base.rb:1464:in `run!'
	from /Users/michaelk/.rvm/gems/ruby-2.4.1/gems/sinatra-2.0.2/lib/sinatra/main.rb:26:in `block in <module:Sinatra>'
/Users/michaelk/.rvm/gems/ruby-2.4.1/gems/puma-3.11.4/lib/puma/single.rb:18:in `stop': undefined method `stop' for nil:NilClass (NoMethodError)
	from /Users/michaelk/.rvm/gems/ruby-2.4.1/gems/puma-3.11.4/lib/puma/launcher.rb:147:in `stop'
	from /Users/michaelk/.rvm/gems/ruby-2.4.1/gems/sinatra-2.0.2/lib/sinatra/base.rb:1439:in `quit!'
	from /Users/michaelk/.rvm/gems/ruby-2.4.1/gems/sinatra-2.0.2/lib/sinatra/base.rb:1545:in `block in setup_traps'
Ignoring skylight-1.6.1 because its extensions are not built.  Try: gem pristine skylight --version 1.6.1
== Sinatra (v2.0.2) has taken the stage on 4567 for development with backup from Puma
Puma starting in single mode...
* Version 3.11.4 (ruby 2.4.1-p111), codename: Love Song
* Min threads: 0, max threads: 16
* Environment: development
* Listening on tcp://localhost:4567
== Someone is already performing on port 4567!
/Users/michaelk/.rvm/gems/ruby-2.4.1/gems/puma-3.11.4/lib/puma/single.rb:18:in `stop': undefined method `stop' for nil:NilClass (NoMethodError)
	from /Users/michaelk/.rvm/gems/ruby-2.4.1/gems/puma-3.11.4/lib/puma/launcher.rb:147:in `stop'
	from /Users/michaelk/.rvm/gems/ruby-2.4.1/gems/sinatra-2.0.2/lib/sinatra/base.rb:1439:in `quit!'
	from /Users/michaelk/.rvm/gems/ruby-2.4.1/gems/sinatra-2.0.2/lib/sinatra/base.rb:1464:in `ensure in run!'
	from /Users/michaelk/.rvm/gems/ruby-2.4.1/gems/sinatra-2.0.2/lib/sinatra/base.rb:1464:in `run!'
	from /Users/michaelk/.rvm/gems/ruby-2.4.1/gems/sinatra-2.0.2/lib/sinatra/main.rb:26:in `block in <module:Sinatra>'
/Users/michaelk/.rvm/gems/ruby-2.4.1/gems/puma-3.11.4/lib/puma/single.rb:18:in `stop': undefined method `stop' for nil:NilClass (NoMethodError)
	from /Users/michaelk/.rvm/gems/ruby-2.4.1/gems/puma-3.11.4/lib/puma/launcher.rb:147:in `stop'
	from /Users/michaelk/.rvm/gems/ruby-2.4.1/gems/sinatra-2.0.2/lib/sinatra/base.rb:1439:in `quit!'
	from /Users/michaelk/.rvm/gems/ruby-2.4.1/gems/sinatra-2.0.2/lib/sinatra/base.rb:1545:in `block in setup_traps'
Ignoring skylight-1.6.1 because its extensions are not built.  Try: gem pristine skylight --version 1.6.1
== Sinatra (v2.0.2) has taken the stage on 4567 for development with backup from Puma
Puma starting in single mode...
* Version 3.11.4 (ruby 2.4.1-p111), codename: Love Song
* Min threads: 0, max threads: 16
* Environment: development
* Listening on tcp://localhost:4567
== Someone is already performing on port 4567!
/Users/michaelk/.rvm/gems/ruby-2.4.1/gems/puma-3.11.4/lib/puma/single.rb:18:in `stop': undefined method `stop' for nil:NilClass (NoMethodError)
	from /Users/michaelk/.rvm/gems/ruby-2.4.1/gems/puma-3.11.4/lib/puma/launcher.rb:147:in `stop'
	from /Users/michaelk/.rvm/gems/ruby-2.4.1/gems/sinatra-2.0.2/lib/sinatra/base.rb:1439:in `quit!'
	from /Users/michaelk/.rvm/gems/ruby-2.4.1/gems/sinatra-2.0.2/lib/sinatra/base.rb:1464:in `ensure in run!'
	from /Users/michaelk/.rvm/gems/ruby-2.4.1/gems/sinatra-2.0.2/lib/sinatra/base.rb:1464:in `run!'
	from /Users/michaelk/.rvm/gems/ruby-2.4.1/gems/sinatra-2.0.2/lib/sinatra/main.rb:26:in `block in <module:Sinatra>'
/Users/michaelk/.rvm/gems/ruby-2.4.1/gems/puma-3.11.4/lib/puma/single.rb:18:in `stop': undefined method `stop' for nil:NilClass (NoMethodError)
	from /Users/michaelk/.rvm/gems/ruby-2.4.1/gems/puma-3.11.4/lib/puma/launcher.rb:147:in `stop'
	from /Users/michaelk/.rvm/gems/ruby-2.4.1/gems/sinatra-2.0.2/lib/sinatra/base.rb:1439:in `quit!'
	from /Users/michaelk/.rvm/gems/ruby-2.4.1/gems/sinatra-2.0.2/lib/sinatra/base.rb:1545:in `block in setup_traps'
Ignoring skylight-1.6.1 because its extensions are not built.  Try: gem pristine skylight --version 1.6.1
== Sinatra (v2.0.2) has taken the stage on 4567 for development with backup from Puma
Puma starting in single mode...
* Version 3.11.4 (ruby 2.4.1-p111), codename: Love Song
* Min threads: 0, max threads: 16
* Environment: development
* Listening on tcp://localhost:4567
== Someone is already performing on port 4567!
/Users/michaelk/.rvm/gems/ruby-2.4.1/gems/puma-3.11.4/lib/puma/single.rb:18:in `stop': undefined method `stop' for nil:NilClass (NoMethodError)
	from /Users/michaelk/.rvm/gems/ruby-2.4.1/gems/puma-3.11.4/lib/puma/launcher.rb:147:in `stop'
	from /Users/michaelk/.rvm/gems/ruby-2.4.1/gems/sinatra-2.0.2/lib/sinatra/base.rb:1439:in `quit!'
	from /Users/michaelk/.rvm/gems/ruby-2.4.1/gems/sinatra-2.0.2/lib/sinatra/base.rb:1464:in `ensure in run!'
	from /Users/michaelk/.rvm/gems/ruby-2.4.1/gems/sinatra-2.0.2/lib/sinatra/base.rb:1464:in `run!'
	from /Users/michaelk/.rvm/gems/ruby-2.4.1/gems/sinatra-2.0.2/lib/sinatra/main.rb:26:in `block in <module:Sinatra>'
/Users/michaelk/.rvm/gems/ruby-2.4.1/gems/puma-3.11.4/lib/puma/single.rb:18:in `stop': undefined method `stop' for nil:NilClass (NoMethodError)
	from /Users/michaelk/.rvm/gems/ruby-2.4.1/gems/puma-3.11.4/lib/puma/launcher.rb:147:in `stop'
	from /Users/michaelk/.rvm/gems/ruby-2.4.1/gems/sinatra-2.0.2/lib/sinatra/base.rb:1439:in `quit!'
	from /Users/michaelk/.rvm/gems/ruby-2.4.1/gems/sinatra-2.0.2/lib/sinatra/base.rb:1545:in `block in setup_traps'
Ignoring skylight-1.6.1 because its extensions are not built.  Try: gem pristine skylight --version 1.6.1
== Sinatra (v2.0.2) has taken the stage on 4567 for development with backup from Puma
Puma starting in single mode...
* Version 3.11.4 (ruby 2.4.1-p111), codename: Love Song
* Min threads: 0, max threads: 16
* Environment: development
* Listening on tcp://localhost:4567
== Someone is already performing on port 4567!
/Users/michaelk/.rvm/gems/ruby-2.4.1/gems/puma-3.11.4/lib/puma/single.rb:18:in `stop': undefined method `stop' for nil:NilClass (NoMethodError)
	from /Users/michaelk/.rvm/gems/ruby-2.4.1/gems/puma-3.11.4/lib/puma/launcher.rb:147:in `stop'
	from /Users/michaelk/.rvm/gems/ruby-2.4.1/gems/sinatra-2.0.2/lib/sinatra/base.rb:1439:in `quit!'
	from /Users/michaelk/.rvm/gems/ruby-2.4.1/gems/sinatra-2.0.2/lib/sinatra/base.rb:1464:in `ensure in run!'
	from /Users/michaelk/.rvm/gems/ruby-2.4.1/gems/sinatra-2.0.2/lib/sinatra/base.rb:1464:in `run!'
	from /Users/michaelk/.rvm/gems/ruby-2.4.1/gems/sinatra-2.0.2/lib/sinatra/main.rb:26:in `block in <module:Sinatra>'
/Users/michaelk/.rvm/gems/ruby-2.4.1/gems/puma-3.11.4/lib/puma/single.rb:18:in `stop': undefined method `stop' for nil:NilClass (NoMethodError)
	from /Users/michaelk/.rvm/gems/ruby-2.4.1/gems/puma-3.11.4/lib/puma/launcher.rb:147:in `stop'
	from /Users/michaelk/.rvm/gems/ruby-2.4.1/gems/sinatra-2.0.2/lib/sinatra/base.rb:1439:in `quit!'
	from /Users/michaelk/.rvm/gems/ruby-2.4.1/gems/sinatra-2.0.2/lib/sinatra/base.rb:1545:in `block in setup_traps'
- Gracefully stopping, waiting for requests to finish
=== puma shutdown: 2018-08-17 18:25:12 -0400 ===
- Goodbye!
== Sinatra has ended his set (crowd applauds)
Ignoring skylight-1.6.1 because its extensions are not built.  Try: gem pristine skylight --version 1.6.1
== Sinatra (v2.0.2) has taken the stage on 4567 for development with backup from Puma
Puma starting in single mode...
* Version 3.11.4 (ruby 2.4.1-p111), codename: Love Song
* Min threads: 0, max threads: 16
* Environment: development
* Listening on tcp://localhost:4567
Use Ctrl-C to stop
- Gracefully stopping, waiting for requests to finish
=== puma shutdown: 2018-08-17 18:27:56 -0400 ===
- Goodbye!
== Sinatra has ended his set (crowd applauds)
Ignoring skylight-1.6.1 because its extensions are not built.  Try: gem pristine skylight --version 1.6.1
== Sinatra (v2.0.2) has taken the stage on 4567 for development with backup from Puma
Puma starting in single mode...
* Version 3.11.4 (ruby 2.4.1-p111), codename: Love Song
* Min threads: 0, max threads: 16
* Environment: development
* Listening on tcp://localhost:4567
Use Ctrl-C to stop
- Gracefully stopping, waiting for requests to finish
=== puma shutdown: 2018-08-17 18:28:49 -0400 ===
- Goodbye!
== Sinatra has ended his set (crowd applauds)
Ignoring skylight-1.6.1 because its extensions are not built.  Try: gem pristine skylight --version 1.6.1
== Sinatra (v2.0.2) has taken the stage on 4567 for development with backup from Puma
Puma starting in single mode...
* Version 3.11.4 (ruby 2.4.1-p111), codename: Love Song
* Min threads: 0, max threads: 16
* Environment: development
* Listening on tcp://localhost:4567
Use Ctrl-C to stop
I got some JSON: {"eventDate"=>"2018-08-20T18:59:38.390+00:00", "details"=>[{"details"=>[{"fulfillerOrderId"=>"FF7BBB40C8-01", "fulfillerOrderItemId"=>"ME9F0BD697"}], "eventDate"=>"2018-08-20T14:59:38-04:00"}]}
24.246.150.146 - - [20/Aug/2018:14:59:39 -0400] "POST /v2/productionAccepted HTTP/1.1" 200 - 0.2163
I got some JSON: {"eventDate"=>"2018-08-20T19:00:02.348+00:00", "details"=>[{"details"=>[{"fulfillerOrderId"=>"FF7BBB40C8-01", "fulfillerOrderItemId"=>"ME9F0BD697"}], "eventDate"=>"2018-08-20T15:00:02-04:00"}]}
24.246.150.146 - - [20/Aug/2018:15:00:02 -0400] "POST /v2/productionAccepted HTTP/1.1" 200 - 0.0018
I got some JSON: {"eventDate"=>"2018-08-20T19:00:39.234+00:00", "details"=>[{"details"=>[{"fulfillerOrderId"=>"FF7BBB40C8-01", "fulfillerOrderItemId"=>"ME9F0BD697"}], "eventDate"=>"2018-08-20T15:00:39-04:00"}]}
24.246.150.146 - - [20/Aug/2018:15:00:39 -0400] "POST /v2/productionAccepted HTTP/1.1" 200 - 0.0084
I got some JSON: {"eventDate"=>"2018-08-20T19:06:13.656+00:00", "details"=>[{"details"=>[{"carrierId"=>"", "carrierServiceId"=>"", "fulfillerOrderId"=>"FF7BBB40C8-01", "fulfillerOrderItemId"=>"ME9F0BD697", "fulfillmentLocationId"=>239, "quantity"=>1, "shipmentId"=>"", "trackingId"=>"", "trackingUrl"=>""}], "eventDate"=>"2018-08-20T15:06:13-04:00"}]}
24.246.150.146 - - [20/Aug/2018:15:06:14 -0400] "POST /v2/fulfillment HTTP/1.1" 200 - 0.0213
I got some JSON: {"eventDate"=>"2018-08-20T21:03:06.420+00:00", "details"=>{"details"=>[{"fulfillerOrderId"=>"FF7BBB40C8-01", "fulfillerOrderItemId"=>"ME9F0BD697"}], "eventDate"=>"2018-08-20T17:03:06-04:00"}}
24.246.150.146 - - [20/Aug/2018:17:03:07 -0400] "POST /v2/productionAccepted HTTP/1.1" 200 - 0.0404
I got some JSON: {"eventDate"=>"2018-08-20T21:04:46.813+00:00", "details"=>[{"fulfillerOrderId"=>"FF7BBB40C8-01", "fulfillerOrderItemId"=>"ME9F0BD697"}]}
24.246.150.146 - - [20/Aug/2018:17:04:47 -0400] "POST /v2/productionAccepted HTTP/1.1" 200 - 0.0054
I got some JSON: {"eventDate"=>"2018-08-21T13:51:53.211+00:00", "details"=>[{"fulfillerOrderId"=>"FF7BBB40C8-01", "fulfillerOrderItemId"=>"ME9F0BD697"}]}
24.246.150.146 - - [21/Aug/2018:09:51:53 -0400] "POST /v2/productionAccepted HTTP/1.1" 200 - 0.0413
I got some JSON: {"eventDate"=>"2018-08-21T13:53:38.589+00:00", "details"=>[{"fulfillerOrderId"=>"FF7BBB40C8-008", "fulfillerOrderItemId"=>"ME9F0BD697"}]}
24.246.150.146 - - [21/Aug/2018:09:53:38 -0400] "POST /v2/productionAccepted HTTP/1.1" 200 - 0.0184
I got some JSON: {"eventDate"=>"2018-08-21T15:19:31.309+00:00", "details"=>[{"fulfillerOrderId"=>"FF7BBB40C8-008", "fulfillerOrderItemId"=>"ME9F0BD697"}]}
24.246.150.146 - - [21/Aug/2018:11:19:31 -0400] "POST /v2/productionAccepted HTTP/1.1" 200 - 0.0386
I got some JSON: {"eventDate"=>"2018-08-21T15:27:17.247+00:00", "details"=>[{"fulfillerOrderId"=>"FF7BBB40C8-009", "fulfillerOrderItemId"=>"ME9F0BD697"}]}
24.246.150.146 - - [21/Aug/2018:11:27:17 -0400] "POST /v2/productionAccepted HTTP/1.1" 200 - 0.0231
I got some JSON: {"eventDate"=>"2018-08-21T15:29:22.300+00:00", "details"=>[{"fulfillerOrderId"=>"FF7BBB40C8-010", "fulfillerOrderItemId"=>"ME9F0BD697"}]}
24.246.150.146 - - [21/Aug/2018:11:29:22 -0400] "POST /v2/productionAccepted HTTP/1.1" 200 - 0.0126
I got some JSON: {"eventDate"=>"2018-08-21T15:36:28.423+00:00", "details"=>[{"fulfillerOrderId"=>"FF7BBB40C8-011", "fulfillerOrderItemId"=>"ME9F0BD697"}]}
24.246.150.146 - - [21/Aug/2018:11:36:28 -0400] "POST /v2/productionAccepted HTTP/1.1" 200 - 0.0137
I got some JSON: {"eventDate"=>"2018-08-21T15:38:18.149+00:00", "details"=>[{"fulfillerOrderId"=>"FF7BBB40C8-012", "fulfillerOrderItemId"=>"ME9F0BD697"}]}
24.246.150.146 - - [21/Aug/2018:11:38:18 -0400] "POST /v2/productionAccepted HTTP/1.1" 200 - 0.0044
I got some JSON: {"eventDate"=>"2018-08-21T15:46:08.970+00:00", "details"=>[{"carrierId"=>"", "carrierServiceId"=>"", "fulfillerOrderId"=>"FF7BBB40C8-012", "fulfillerOrderItemId"=>"ME9F0BD697", "fulfillmentLocationId"=>239, "quantity"=>1, "shipmentId"=>"", "trackingId"=>"", "trackingUrl"=>""}]}
24.246.150.146 - - [21/Aug/2018:11:46:09 -0400] "POST /v2/fulfillment HTTP/1.1" 200 - 0.0230
I got some JSON: {"eventDate"=>"2018-08-21T15:47:43.224+00:00", "details"=>[{"carrierId"=>"", "carrierServiceId"=>"", "fulfillerOrderId"=>"FF7BBB40C8-012", "fulfillerOrderItemId"=>"ME9F0BD697-012", "fulfillmentLocationId"=>239, "quantity"=>1, "shipmentId"=>"", "trackingId"=>"", "trackingUrl"=>""}]}
24.246.150.146 - - [21/Aug/2018:11:47:43 -0400] "POST /v2/fulfillment HTTP/1.1" 200 - 0.0430
I got some JSON: {"eventDate"=>"2018-08-21T15:51:06.464+00:00", "details"=>[{"fulfillerOrderId"=>"FF7BBB40C8-013", "fulfillerOrderItemId"=>"ME9F0BD697-013"}]}
24.246.150.146 - - [21/Aug/2018:11:51:06 -0400] "POST /v2/productionAccepted HTTP/1.1" 200 - 0.0225
2018-08-21 16:49:23 - JSON::ParserError - 765: unexpected token at '<?xml version="1.0" encoding="UTF-8" ?><HightexDocument type="XmlAutomation">  <Settings imageDir="C:\Users\dyesub1\Desktop\pillows" mirror="yes" outputMaxWidth="1600mm" autoposDx="12mm" />  <Image>APD101316900007.jpg</Image>  <Image>APD101316900014.jpg</Image>  <Image>APD101416900002.jpg</Image>  <Feed>2in</Feed>  <Image>APD101316900007.jpg</Image>  <Image>APD101316900014.jpg</Image>  <Image>APD101416900002.jpg</Image></HightexDocument>':
	/Users/michaelk/.rvm/gems/ruby-2.4.1/gems/json-2.1.0/lib/json/common.rb:156:in `parse'
	/Users/michaelk/.rvm/gems/ruby-2.4.1/gems/json-2.1.0/lib/json/common.rb:156:in `parse'
	server.rb:6:in `block in <main>'
	/Users/michaelk/.rvm/gems/ruby-2.4.1/gems/sinatra-2.0.2/lib/sinatra/base.rb:1635:in `call'
	/Users/michaelk/.rvm/gems/ruby-2.4.1/gems/sinatra-2.0.2/lib/sinatra/base.rb:1635:in `block in compile!'
	/Users/michaelk/.rvm/gems/ruby-2.4.1/gems/sinatra-2.0.2/lib/sinatra/base.rb:992:in `block (3 levels) in route!'
	/Users/michaelk/.rvm/gems/ruby-2.4.1/gems/sinatra-2.0.2/lib/sinatra/base.rb:1011:in `route_eval'
	/Users/michaelk/.rvm/gems/ruby-2.4.1/gems/sinatra-2.0.2/lib/sinatra/base.rb:992:in `block (2 levels) in route!'
	/Users/michaelk/.rvm/gems/ruby-2.4.1/gems/sinatra-2.0.2/lib/sinatra/base.rb:1040:in `block in process_route'
	/Users/michaelk/.rvm/gems/ruby-2.4.1/gems/sinatra-2.0.2/lib/sinatra/base.rb:1038:in `catch'
	/Users/michaelk/.rvm/gems/ruby-2.4.1/gems/sinatra-2.0.2/lib/sinatra/base.rb:1038:in `process_route'
	/Users/michaelk/.rvm/gems/ruby-2.4.1/gems/sinatra-2.0.2/lib/sinatra/base.rb:990:in `block in route!'
	/Users/michaelk/.rvm/gems/ruby-2.4.1/gems/sinatra-2.0.2/lib/sinatra/base.rb:989:in `each'
	/Users/michaelk/.rvm/gems/ruby-2.4.1/gems/sinatra-2.0.2/lib/sinatra/base.rb:989:in `route!'
	/Users/michaelk/.rvm/gems/ruby-2.4.1/gems/sinatra-2.0.2/lib/sinatra/base.rb:1097:in `block in dispatch!'
	/Users/michaelk/.rvm/gems/ruby-2.4.1/gems/sinatra-2.0.2/lib/sinatra/base.rb:1076:in `block in invoke'
	/Users/michaelk/.rvm/gems/ruby-2.4.1/gems/sinatra-2.0.2/lib/sinatra/base.rb:1076:in `catch'
	/Users/michaelk/.rvm/gems/ruby-2.4.1/gems/sinatra-2.0.2/lib/sinatra/base.rb:1076:in `invoke'
	/Users/michaelk/.rvm/gems/ruby-2.4.1/gems/sinatra-2.0.2/lib/sinatra/base.rb:1094:in `dispatch!'
	/Users/michaelk/.rvm/gems/ruby-2.4.1/gems/sinatra-2.0.2/lib/sinatra/base.rb:924:in `block in call!'
	/Users/michaelk/.rvm/gems/ruby-2.4.1/gems/sinatra-2.0.2/lib/sinatra/base.rb:1076:in `block in invoke'
	/Users/michaelk/.rvm/gems/ruby-2.4.1/gems/sinatra-2.0.2/lib/sinatra/base.rb:1076:in `catch'
	/Users/michaelk/.rvm/gems/ruby-2.4.1/gems/sinatra-2.0.2/lib/sinatra/base.rb:1076:in `invoke'
	/Users/michaelk/.rvm/gems/ruby-2.4.1/gems/sinatra-2.0.2/lib/sinatra/base.rb:924:in `call!'
	/Users/michaelk/.rvm/gems/ruby-2.4.1/gems/sinatra-2.0.2/lib/sinatra/base.rb:913:in `call'
	/Users/michaelk/.rvm/gems/ruby-2.4.1/gems/rack-protection-2.0.2/lib/rack/protection/xss_header.rb:18:in `call'
	/Users/michaelk/.rvm/gems/ruby-2.4.1/gems/rack-protection-2.0.2/lib/rack/protection/path_traversal.rb:16:in `call'
	/Users/michaelk/.rvm/gems/ruby-2.4.1/gems/rack-protection-2.0.2/lib/rack/protection/json_csrf.rb:26:in `call'
	/Users/michaelk/.rvm/gems/ruby-2.4.1/gems/rack-protection-2.0.2/lib/rack/protection/base.rb:50:in `call'
	/Users/michaelk/.rvm/gems/ruby-2.4.1/gems/rack-protection-2.0.2/lib/rack/protection/base.rb:50:in `call'
	/Users/michaelk/.rvm/gems/ruby-2.4.1/gems/rack-protection-2.0.2/lib/rack/protection/frame_options.rb:31:in `call'
	/Users/michaelk/.rvm/gems/ruby-2.4.1/gems/rack-2.0.5/lib/rack/logger.rb:15:in `call'
	/Users/michaelk/.rvm/gems/ruby-2.4.1/gems/rack-2.0.5/lib/rack/common_logger.rb:33:in `call'
	/Users/michaelk/.rvm/gems/ruby-2.4.1/gems/sinatra-2.0.2/lib/sinatra/base.rb:231:in `call'
	/Users/michaelk/.rvm/gems/ruby-2.4.1/gems/sinatra-2.0.2/lib/sinatra/base.rb:224:in `call'
	/Users/michaelk/.rvm/gems/ruby-2.4.1/gems/rack-2.0.5/lib/rack/head.rb:12:in `call'
	/Users/michaelk/.rvm/gems/ruby-2.4.1/gems/rack-2.0.5/lib/rack/method_override.rb:22:in `call'
	/Users/michaelk/.rvm/gems/ruby-2.4.1/gems/sinatra-2.0.2/lib/sinatra/show_exceptions.rb:22:in `call'
	/Users/michaelk/.rvm/gems/ruby-2.4.1/gems/sinatra-2.0.2/lib/sinatra/base.rb:194:in `call'
	/Users/michaelk/.rvm/gems/ruby-2.4.1/gems/sinatra-2.0.2/lib/sinatra/base.rb:1958:in `call'
	/Users/michaelk/.rvm/gems/ruby-2.4.1/gems/sinatra-2.0.2/lib/sinatra/base.rb:1502:in `block in call'
	/Users/michaelk/.rvm/gems/ruby-2.4.1/gems/sinatra-2.0.2/lib/sinatra/base.rb:1729:in `synchronize'
	/Users/michaelk/.rvm/gems/ruby-2.4.1/gems/sinatra-2.0.2/lib/sinatra/base.rb:1502:in `call'
	/Users/michaelk/.rvm/gems/ruby-2.4.1/gems/puma-3.11.4/lib/puma/configuration.rb:225:in `call'
	/Users/michaelk/.rvm/gems/ruby-2.4.1/gems/puma-3.11.4/lib/puma/server.rb:632:in `handle_request'
	/Users/michaelk/.rvm/gems/ruby-2.4.1/gems/puma-3.11.4/lib/puma/server.rb:446:in `process_client'
	/Users/michaelk/.rvm/gems/ruby-2.4.1/gems/puma-3.11.4/lib/puma/server.rb:306:in `block in run'
	/Users/michaelk/.rvm/gems/ruby-2.4.1/gems/puma-3.11.4/lib/puma/thread_pool.rb:120:in `block in spawn_thread'
2018-08-21 16:51:02 - JSON::ParserError - 765: unexpected token at '<?xml version="1.0" encoding="UTF-8" ?><HightexDocument type="XmlAutomation">  <Settings imageDir="C:\Users\dyesub1\Desktop\pillows" mirror="yes" outputMaxWidth="1600mm" autoposDx="12mm" />  <Image>APD101316900007.jpg</Image>  <Image>APD101316900014.jpg</Image>  <Image>APD101416900002.jpg</Image>  <Feed>2in</Feed>  <Image>APD101316900007.jpg</Image>  <Image>APD101316900014.jpg</Image>  <Image>APD101416900002.jpg</Image></HightexDocument>':
	/Users/michaelk/.rvm/gems/ruby-2.4.1/gems/json-2.1.0/lib/json/common.rb:156:in `parse'
	/Users/michaelk/.rvm/gems/ruby-2.4.1/gems/json-2.1.0/lib/json/common.rb:156:in `parse'
	server.rb:6:in `block in <main>'
	/Users/michaelk/.rvm/gems/ruby-2.4.1/gems/sinatra-2.0.2/lib/sinatra/base.rb:1635:in `call'
	/Users/michaelk/.rvm/gems/ruby-2.4.1/gems/sinatra-2.0.2/lib/sinatra/base.rb:1635:in `block in compile!'
	/Users/michaelk/.rvm/gems/ruby-2.4.1/gems/sinatra-2.0.2/lib/sinatra/base.rb:992:in `block (3 levels) in route!'
	/Users/michaelk/.rvm/gems/ruby-2.4.1/gems/sinatra-2.0.2/lib/sinatra/base.rb:1011:in `route_eval'
	/Users/michaelk/.rvm/gems/ruby-2.4.1/gems/sinatra-2.0.2/lib/sinatra/base.rb:992:in `block (2 levels) in route!'
	/Users/michaelk/.rvm/gems/ruby-2.4.1/gems/sinatra-2.0.2/lib/sinatra/base.rb:1040:in `block in process_route'
	/Users/michaelk/.rvm/gems/ruby-2.4.1/gems/sinatra-2.0.2/lib/sinatra/base.rb:1038:in `catch'
	/Users/michaelk/.rvm/gems/ruby-2.4.1/gems/sinatra-2.0.2/lib/sinatra/base.rb:1038:in `process_route'
	/Users/michaelk/.rvm/gems/ruby-2.4.1/gems/sinatra-2.0.2/lib/sinatra/base.rb:990:in `block in route!'
	/Users/michaelk/.rvm/gems/ruby-2.4.1/gems/sinatra-2.0.2/lib/sinatra/base.rb:989:in `each'
	/Users/michaelk/.rvm/gems/ruby-2.4.1/gems/sinatra-2.0.2/lib/sinatra/base.rb:989:in `route!'
	/Users/michaelk/.rvm/gems/ruby-2.4.1/gems/sinatra-2.0.2/lib/sinatra/base.rb:1097:in `block in dispatch!'
	/Users/michaelk/.rvm/gems/ruby-2.4.1/gems/sinatra-2.0.2/lib/sinatra/base.rb:1076:in `block in invoke'
	/Users/michaelk/.rvm/gems/ruby-2.4.1/gems/sinatra-2.0.2/lib/sinatra/base.rb:1076:in `catch'
	/Users/michaelk/.rvm/gems/ruby-2.4.1/gems/sinatra-2.0.2/lib/sinatra/base.rb:1076:in `invoke'
	/Users/michaelk/.rvm/gems/ruby-2.4.1/gems/sinatra-2.0.2/lib/sinatra/base.rb:1094:in `dispatch!'
	/Users/michaelk/.rvm/gems/ruby-2.4.1/gems/sinatra-2.0.2/lib/sinatra/base.rb:924:in `block in call!'
	/Users/michaelk/.rvm/gems/ruby-2.4.1/gems/sinatra-2.0.2/lib/sinatra/base.rb:1076:in `block in invoke'
	/Users/michaelk/.rvm/gems/ruby-2.4.1/gems/sinatra-2.0.2/lib/sinatra/base.rb:1076:in `catch'
	/Users/michaelk/.rvm/gems/ruby-2.4.1/gems/sinatra-2.0.2/lib/sinatra/base.rb:1076:in `invoke'
	/Users/michaelk/.rvm/gems/ruby-2.4.1/gems/sinatra-2.0.2/lib/sinatra/base.rb:924:in `call!'
	/Users/michaelk/.rvm/gems/ruby-2.4.1/gems/sinatra-2.0.2/lib/sinatra/base.rb:913:in `call'
	/Users/michaelk/.rvm/gems/ruby-2.4.1/gems/rack-protection-2.0.2/lib/rack/protection/xss_header.rb:18:in `call'
	/Users/michaelk/.rvm/gems/ruby-2.4.1/gems/rack-protection-2.0.2/lib/rack/protection/path_traversal.rb:16:in `call'
	/Users/michaelk/.rvm/gems/ruby-2.4.1/gems/rack-protection-2.0.2/lib/rack/protection/json_csrf.rb:26:in `call'
	/Users/michaelk/.rvm/gems/ruby-2.4.1/gems/rack-protection-2.0.2/lib/rack/protection/base.rb:50:in `call'
	/Users/michaelk/.rvm/gems/ruby-2.4.1/gems/rack-protection-2.0.2/lib/rack/protection/base.rb:50:in `call'
	/Users/michaelk/.rvm/gems/ruby-2.4.1/gems/rack-protection-2.0.2/lib/rack/protection/frame_options.rb:31:in `call'
	/Users/michaelk/.rvm/gems/ruby-2.4.1/gems/rack-2.0.5/lib/rack/logger.rb:15:in `call'
	/Users/michaelk/.rvm/gems/ruby-2.4.1/gems/rack-2.0.5/lib/rack/common_logger.rb:33:in `call'
	/Users/michaelk/.rvm/gems/ruby-2.4.1/gems/sinatra-2.0.2/lib/sinatra/base.rb:231:in `call'
	/Users/michaelk/.rvm/gems/ruby-2.4.1/gems/sinatra-2.0.2/lib/sinatra/base.rb:224:in `call'
	/Users/michaelk/.rvm/gems/ruby-2.4.1/gems/rack-2.0.5/lib/rack/head.rb:12:in `call'
	/Users/michaelk/.rvm/gems/ruby-2.4.1/gems/rack-2.0.5/lib/rack/method_override.rb:22:in `call'
	/Users/michaelk/.rvm/gems/ruby-2.4.1/gems/sinatra-2.0.2/lib/sinatra/show_exceptions.rb:22:in `call'
	/Users/michaelk/.rvm/gems/ruby-2.4.1/gems/sinatra-2.0.2/lib/sinatra/base.rb:194:in `call'
	/Users/michaelk/.rvm/gems/ruby-2.4.1/gems/sinatra-2.0.2/lib/sinatra/base.rb:1958:in `call'
	/Users/michaelk/.rvm/gems/ruby-2.4.1/gems/sinatra-2.0.2/lib/sinatra/base.rb:1502:in `block in call'
	/Users/michaelk/.rvm/gems/ruby-2.4.1/gems/sinatra-2.0.2/lib/sinatra/base.rb:1729:in `synchronize'
	/Users/michaelk/.rvm/gems/ruby-2.4.1/gems/sinatra-2.0.2/lib/sinatra/base.rb:1502:in `call'
	/Users/michaelk/.rvm/gems/ruby-2.4.1/gems/puma-3.11.4/lib/puma/configuration.rb:225:in `call'
	/Users/michaelk/.rvm/gems/ruby-2.4.1/gems/puma-3.11.4/lib/puma/server.rb:632:in `handle_request'
	/Users/michaelk/.rvm/gems/ruby-2.4.1/gems/puma-3.11.4/lib/puma/server.rb:446:in `process_client'
	/Users/michaelk/.rvm/gems/ruby-2.4.1/gems/puma-3.11.4/lib/puma/server.rb:306:in `block in run'
	/Users/michaelk/.rvm/gems/ruby-2.4.1/gems/puma-3.11.4/lib/puma/thread_pool.rb:120:in `block in spawn_thread'
- Gracefully stopping, waiting for requests to finish
=== puma shutdown: 2018-08-21 16:53:19 -0400 ===
- Goodbye!
== Sinatra has ended his set (crowd applauds)
Ignoring skylight-1.6.1 because its extensions are not built.  Try: gem pristine skylight --version 1.6.1
== Sinatra (v2.0.2) has taken the stage on 4567 for development with backup from Puma
Puma starting in single mode...
* Version 3.11.4 (ruby 2.4.1-p111), codename: Love Song
* Min threads: 0, max threads: 16
* Environment: development
* Listening on tcp://localhost:4567
Use Ctrl-C to stop
2018-08-21 16:55:22 - JSON::ParserError - 765: unexpected token at '':
	/Users/michaelk/.rvm/gems/ruby-2.4.1/gems/json-2.1.0/lib/json/common.rb:156:in `parse'
	/Users/michaelk/.rvm/gems/ruby-2.4.1/gems/json-2.1.0/lib/json/common.rb:156:in `parse'
	server.rb:7:in `block in <main>'
	/Users/michaelk/.rvm/gems/ruby-2.4.1/gems/sinatra-2.0.2/lib/sinatra/base.rb:1635:in `call'
	/Users/michaelk/.rvm/gems/ruby-2.4.1/gems/sinatra-2.0.2/lib/sinatra/base.rb:1635:in `block in compile!'
	/Users/michaelk/.rvm/gems/ruby-2.4.1/gems/sinatra-2.0.2/lib/sinatra/base.rb:992:in `block (3 levels) in route!'
	/Users/michaelk/.rvm/gems/ruby-2.4.1/gems/sinatra-2.0.2/lib/sinatra/base.rb:1011:in `route_eval'
	/Users/michaelk/.rvm/gems/ruby-2.4.1/gems/sinatra-2.0.2/lib/sinatra/base.rb:992:in `block (2 levels) in route!'
	/Users/michaelk/.rvm/gems/ruby-2.4.1/gems/sinatra-2.0.2/lib/sinatra/base.rb:1040:in `block in process_route'
	/Users/michaelk/.rvm/gems/ruby-2.4.1/gems/sinatra-2.0.2/lib/sinatra/base.rb:1038:in `catch'
	/Users/michaelk/.rvm/gems/ruby-2.4.1/gems/sinatra-2.0.2/lib/sinatra/base.rb:1038:in `process_route'
	/Users/michaelk/.rvm/gems/ruby-2.4.1/gems/sinatra-2.0.2/lib/sinatra/base.rb:990:in `block in route!'
	/Users/michaelk/.rvm/gems/ruby-2.4.1/gems/sinatra-2.0.2/lib/sinatra/base.rb:989:in `each'
	/Users/michaelk/.rvm/gems/ruby-2.4.1/gems/sinatra-2.0.2/lib/sinatra/base.rb:989:in `route!'
	/Users/michaelk/.rvm/gems/ruby-2.4.1/gems/sinatra-2.0.2/lib/sinatra/base.rb:1097:in `block in dispatch!'
	/Users/michaelk/.rvm/gems/ruby-2.4.1/gems/sinatra-2.0.2/lib/sinatra/base.rb:1076:in `block in invoke'
	/Users/michaelk/.rvm/gems/ruby-2.4.1/gems/sinatra-2.0.2/lib/sinatra/base.rb:1076:in `catch'
	/Users/michaelk/.rvm/gems/ruby-2.4.1/gems/sinatra-2.0.2/lib/sinatra/base.rb:1076:in `invoke'
	/Users/michaelk/.rvm/gems/ruby-2.4.1/gems/sinatra-2.0.2/lib/sinatra/base.rb:1094:in `dispatch!'
	/Users/michaelk/.rvm/gems/ruby-2.4.1/gems/sinatra-2.0.2/lib/sinatra/base.rb:924:in `block in call!'
	/Users/michaelk/.rvm/gems/ruby-2.4.1/gems/sinatra-2.0.2/lib/sinatra/base.rb:1076:in `block in invoke'
	/Users/michaelk/.rvm/gems/ruby-2.4.1/gems/sinatra-2.0.2/lib/sinatra/base.rb:1076:in `catch'
	/Users/michaelk/.rvm/gems/ruby-2.4.1/gems/sinatra-2.0.2/lib/sinatra/base.rb:1076:in `invoke'
	/Users/michaelk/.rvm/gems/ruby-2.4.1/gems/sinatra-2.0.2/lib/sinatra/base.rb:924:in `call!'
	/Users/michaelk/.rvm/gems/ruby-2.4.1/gems/sinatra-2.0.2/lib/sinatra/base.rb:913:in `call'
	/Users/michaelk/.rvm/gems/ruby-2.4.1/gems/rack-protection-2.0.2/lib/rack/protection/xss_header.rb:18:in `call'
	/Users/michaelk/.rvm/gems/ruby-2.4.1/gems/rack-protection-2.0.2/lib/rack/protection/path_traversal.rb:16:in `call'
	/Users/michaelk/.rvm/gems/ruby-2.4.1/gems/rack-protection-2.0.2/lib/rack/protection/json_csrf.rb:26:in `call'
	/Users/michaelk/.rvm/gems/ruby-2.4.1/gems/rack-protection-2.0.2/lib/rack/protection/base.rb:50:in `call'
	/Users/michaelk/.rvm/gems/ruby-2.4.1/gems/rack-protection-2.0.2/lib/rack/protection/base.rb:50:in `call'
	/Users/michaelk/.rvm/gems/ruby-2.4.1/gems/rack-protection-2.0.2/lib/rack/protection/frame_options.rb:31:in `call'
	/Users/michaelk/.rvm/gems/ruby-2.4.1/gems/rack-2.0.5/lib/rack/logger.rb:15:in `call'
	/Users/michaelk/.rvm/gems/ruby-2.4.1/gems/rack-2.0.5/lib/rack/common_logger.rb:33:in `call'
	/Users/michaelk/.rvm/gems/ruby-2.4.1/gems/sinatra-2.0.2/lib/sinatra/base.rb:231:in `call'
	/Users/michaelk/.rvm/gems/ruby-2.4.1/gems/sinatra-2.0.2/lib/sinatra/base.rb:224:in `call'
	/Users/michaelk/.rvm/gems/ruby-2.4.1/gems/rack-2.0.5/lib/rack/head.rb:12:in `call'
	/Users/michaelk/.rvm/gems/ruby-2.4.1/gems/rack-2.0.5/lib/rack/method_override.rb:22:in `call'
	/Users/michaelk/.rvm/gems/ruby-2.4.1/gems/sinatra-2.0.2/lib/sinatra/show_exceptions.rb:22:in `call'
	/Users/michaelk/.rvm/gems/ruby-2.4.1/gems/sinatra-2.0.2/lib/sinatra/base.rb:194:in `call'
	/Users/michaelk/.rvm/gems/ruby-2.4.1/gems/sinatra-2.0.2/lib/sinatra/base.rb:1958:in `call'
	/Users/michaelk/.rvm/gems/ruby-2.4.1/gems/sinatra-2.0.2/lib/sinatra/base.rb:1502:in `block in call'
	/Users/michaelk/.rvm/gems/ruby-2.4.1/gems/sinatra-2.0.2/lib/sinatra/base.rb:1729:in `synchronize'
	/Users/michaelk/.rvm/gems/ruby-2.4.1/gems/sinatra-2.0.2/lib/sinatra/base.rb:1502:in `call'
	/Users/michaelk/.rvm/gems/ruby-2.4.1/gems/puma-3.11.4/lib/puma/configuration.rb:225:in `call'
	/Users/michaelk/.rvm/gems/ruby-2.4.1/gems/puma-3.11.4/lib/puma/server.rb:632:in `handle_request'
	/Users/michaelk/.rvm/gems/ruby-2.4.1/gems/puma-3.11.4/lib/puma/server.rb:446:in `process_client'
	/Users/michaelk/.rvm/gems/ruby-2.4.1/gems/puma-3.11.4/lib/puma/server.rb:306:in `block in run'
	/Users/michaelk/.rvm/gems/ruby-2.4.1/gems/puma-3.11.4/lib/puma/thread_pool.rb:120:in `block in spawn_thread'
2018-08-21 16:58:08 - JSON::ParserError - 765: unexpected token at '':
	/Users/michaelk/.rvm/gems/ruby-2.4.1/gems/json-2.1.0/lib/json/common.rb:156:in `parse'
	/Users/michaelk/.rvm/gems/ruby-2.4.1/gems/json-2.1.0/lib/json/common.rb:156:in `parse'
	server.rb:7:in `block in <main>'
	/Users/michaelk/.rvm/gems/ruby-2.4.1/gems/sinatra-2.0.2/lib/sinatra/base.rb:1635:in `call'
	/Users/michaelk/.rvm/gems/ruby-2.4.1/gems/sinatra-2.0.2/lib/sinatra/base.rb:1635:in `block in compile!'
	/Users/michaelk/.rvm/gems/ruby-2.4.1/gems/sinatra-2.0.2/lib/sinatra/base.rb:992:in `block (3 levels) in route!'
	/Users/michaelk/.rvm/gems/ruby-2.4.1/gems/sinatra-2.0.2/lib/sinatra/base.rb:1011:in `route_eval'
	/Users/michaelk/.rvm/gems/ruby-2.4.1/gems/sinatra-2.0.2/lib/sinatra/base.rb:992:in `block (2 levels) in route!'
	/Users/michaelk/.rvm/gems/ruby-2.4.1/gems/sinatra-2.0.2/lib/sinatra/base.rb:1040:in `block in process_route'
	/Users/michaelk/.rvm/gems/ruby-2.4.1/gems/sinatra-2.0.2/lib/sinatra/base.rb:1038:in `catch'
	/Users/michaelk/.rvm/gems/ruby-2.4.1/gems/sinatra-2.0.2/lib/sinatra/base.rb:1038:in `process_route'
	/Users/michaelk/.rvm/gems/ruby-2.4.1/gems/sinatra-2.0.2/lib/sinatra/base.rb:990:in `block in route!'
	/Users/michaelk/.rvm/gems/ruby-2.4.1/gems/sinatra-2.0.2/lib/sinatra/base.rb:989:in `each'
	/Users/michaelk/.rvm/gems/ruby-2.4.1/gems/sinatra-2.0.2/lib/sinatra/base.rb:989:in `route!'
	/Users/michaelk/.rvm/gems/ruby-2.4.1/gems/sinatra-2.0.2/lib/sinatra/base.rb:1097:in `block in dispatch!'
	/Users/michaelk/.rvm/gems/ruby-2.4.1/gems/sinatra-2.0.2/lib/sinatra/base.rb:1076:in `block in invoke'
	/Users/michaelk/.rvm/gems/ruby-2.4.1/gems/sinatra-2.0.2/lib/sinatra/base.rb:1076:in `catch'
	/Users/michaelk/.rvm/gems/ruby-2.4.1/gems/sinatra-2.0.2/lib/sinatra/base.rb:1076:in `invoke'
	/Users/michaelk/.rvm/gems/ruby-2.4.1/gems/sinatra-2.0.2/lib/sinatra/base.rb:1094:in `dispatch!'
	/Users/michaelk/.rvm/gems/ruby-2.4.1/gems/sinatra-2.0.2/lib/sinatra/base.rb:924:in `block in call!'
	/Users/michaelk/.rvm/gems/ruby-2.4.1/gems/sinatra-2.0.2/lib/sinatra/base.rb:1076:in `block in invoke'
	/Users/michaelk/.rvm/gems/ruby-2.4.1/gems/sinatra-2.0.2/lib/sinatra/base.rb:1076:in `catch'
	/Users/michaelk/.rvm/gems/ruby-2.4.1/gems/sinatra-2.0.2/lib/sinatra/base.rb:1076:in `invoke'
	/Users/michaelk/.rvm/gems/ruby-2.4.1/gems/sinatra-2.0.2/lib/sinatra/base.rb:924:in `call!'
	/Users/michaelk/.rvm/gems/ruby-2.4.1/gems/sinatra-2.0.2/lib/sinatra/base.rb:913:in `call'
	/Users/michaelk/.rvm/gems/ruby-2.4.1/gems/rack-protection-2.0.2/lib/rack/protection/xss_header.rb:18:in `call'
	/Users/michaelk/.rvm/gems/ruby-2.4.1/gems/rack-protection-2.0.2/lib/rack/protection/path_traversal.rb:16:in `call'
	/Users/michaelk/.rvm/gems/ruby-2.4.1/gems/rack-protection-2.0.2/lib/rack/protection/json_csrf.rb:26:in `call'
	/Users/michaelk/.rvm/gems/ruby-2.4.1/gems/rack-protection-2.0.2/lib/rack/protection/base.rb:50:in `call'
	/Users/michaelk/.rvm/gems/ruby-2.4.1/gems/rack-protection-2.0.2/lib/rack/protection/base.rb:50:in `call'
	/Users/michaelk/.rvm/gems/ruby-2.4.1/gems/rack-protection-2.0.2/lib/rack/protection/frame_options.rb:31:in `call'
	/Users/michaelk/.rvm/gems/ruby-2.4.1/gems/rack-2.0.5/lib/rack/logger.rb:15:in `call'
	/Users/michaelk/.rvm/gems/ruby-2.4.1/gems/rack-2.0.5/lib/rack/common_logger.rb:33:in `call'
	/Users/michaelk/.rvm/gems/ruby-2.4.1/gems/sinatra-2.0.2/lib/sinatra/base.rb:231:in `call'
	/Users/michaelk/.rvm/gems/ruby-2.4.1/gems/sinatra-2.0.2/lib/sinatra/base.rb:224:in `call'
	/Users/michaelk/.rvm/gems/ruby-2.4.1/gems/rack-2.0.5/lib/rack/head.rb:12:in `call'
	/Users/michaelk/.rvm/gems/ruby-2.4.1/gems/rack-2.0.5/lib/rack/method_override.rb:22:in `call'
	/Users/michaelk/.rvm/gems/ruby-2.4.1/gems/sinatra-2.0.2/lib/sinatra/show_exceptions.rb:22:in `call'
	/Users/michaelk/.rvm/gems/ruby-2.4.1/gems/sinatra-2.0.2/lib/sinatra/base.rb:194:in `call'
	/Users/michaelk/.rvm/gems/ruby-2.4.1/gems/sinatra-2.0.2/lib/sinatra/base.rb:1958:in `call'
	/Users/michaelk/.rvm/gems/ruby-2.4.1/gems/sinatra-2.0.2/lib/sinatra/base.rb:1502:in `block in call'
	/Users/michaelk/.rvm/gems/ruby-2.4.1/gems/sinatra-2.0.2/lib/sinatra/base.rb:1729:in `synchronize'
	/Users/michaelk/.rvm/gems/ruby-2.4.1/gems/sinatra-2.0.2/lib/sinatra/base.rb:1502:in `call'
	/Users/michaelk/.rvm/gems/ruby-2.4.1/gems/puma-3.11.4/lib/puma/configuration.rb:225:in `call'
	/Users/michaelk/.rvm/gems/ruby-2.4.1/gems/puma-3.11.4/lib/puma/server.rb:632:in `handle_request'
	/Users/michaelk/.rvm/gems/ruby-2.4.1/gems/puma-3.11.4/lib/puma/server.rb:446:in `process_client'
	/Users/michaelk/.rvm/gems/ruby-2.4.1/gems/puma-3.11.4/lib/puma/server.rb:306:in `block in run'
	/Users/michaelk/.rvm/gems/ruby-2.4.1/gems/puma-3.11.4/lib/puma/thread_pool.rb:120:in `block in spawn_thread'
2018-08-21 16:58:27 - JSON::ParserError - 765: unexpected token at '':
	/Users/michaelk/.rvm/gems/ruby-2.4.1/gems/json-2.1.0/lib/json/common.rb:156:in `parse'
	/Users/michaelk/.rvm/gems/ruby-2.4.1/gems/json-2.1.0/lib/json/common.rb:156:in `parse'
	server.rb:7:in `block in <main>'
	/Users/michaelk/.rvm/gems/ruby-2.4.1/gems/sinatra-2.0.2/lib/sinatra/base.rb:1635:in `call'
	/Users/michaelk/.rvm/gems/ruby-2.4.1/gems/sinatra-2.0.2/lib/sinatra/base.rb:1635:in `block in compile!'
	/Users/michaelk/.rvm/gems/ruby-2.4.1/gems/sinatra-2.0.2/lib/sinatra/base.rb:992:in `block (3 levels) in route!'
	/Users/michaelk/.rvm/gems/ruby-2.4.1/gems/sinatra-2.0.2/lib/sinatra/base.rb:1011:in `route_eval'
	/Users/michaelk/.rvm/gems/ruby-2.4.1/gems/sinatra-2.0.2/lib/sinatra/base.rb:992:in `block (2 levels) in route!'
	/Users/michaelk/.rvm/gems/ruby-2.4.1/gems/sinatra-2.0.2/lib/sinatra/base.rb:1040:in `block in process_route'
	/Users/michaelk/.rvm/gems/ruby-2.4.1/gems/sinatra-2.0.2/lib/sinatra/base.rb:1038:in `catch'
	/Users/michaelk/.rvm/gems/ruby-2.4.1/gems/sinatra-2.0.2/lib/sinatra/base.rb:1038:in `process_route'
	/Users/michaelk/.rvm/gems/ruby-2.4.1/gems/sinatra-2.0.2/lib/sinatra/base.rb:990:in `block in route!'
	/Users/michaelk/.rvm/gems/ruby-2.4.1/gems/sinatra-2.0.2/lib/sinatra/base.rb:989:in `each'
	/Users/michaelk/.rvm/gems/ruby-2.4.1/gems/sinatra-2.0.2/lib/sinatra/base.rb:989:in `route!'
	/Users/michaelk/.rvm/gems/ruby-2.4.1/gems/sinatra-2.0.2/lib/sinatra/base.rb:1097:in `block in dispatch!'
	/Users/michaelk/.rvm/gems/ruby-2.4.1/gems/sinatra-2.0.2/lib/sinatra/base.rb:1076:in `block in invoke'
	/Users/michaelk/.rvm/gems/ruby-2.4.1/gems/sinatra-2.0.2/lib/sinatra/base.rb:1076:in `catch'
	/Users/michaelk/.rvm/gems/ruby-2.4.1/gems/sinatra-2.0.2/lib/sinatra/base.rb:1076:in `invoke'
	/Users/michaelk/.rvm/gems/ruby-2.4.1/gems/sinatra-2.0.2/lib/sinatra/base.rb:1094:in `dispatch!'
	/Users/michaelk/.rvm/gems/ruby-2.4.1/gems/sinatra-2.0.2/lib/sinatra/base.rb:924:in `block in call!'
	/Users/michaelk/.rvm/gems/ruby-2.4.1/gems/sinatra-2.0.2/lib/sinatra/base.rb:1076:in `block in invoke'
	/Users/michaelk/.rvm/gems/ruby-2.4.1/gems/sinatra-2.0.2/lib/sinatra/base.rb:1076:in `catch'
	/Users/michaelk/.rvm/gems/ruby-2.4.1/gems/sinatra-2.0.2/lib/sinatra/base.rb:1076:in `invoke'
	/Users/michaelk/.rvm/gems/ruby-2.4.1/gems/sinatra-2.0.2/lib/sinatra/base.rb:924:in `call!'
	/Users/michaelk/.rvm/gems/ruby-2.4.1/gems/sinatra-2.0.2/lib/sinatra/base.rb:913:in `call'
	/Users/michaelk/.rvm/gems/ruby-2.4.1/gems/rack-protection-2.0.2/lib/rack/protection/xss_header.rb:18:in `call'
	/Users/michaelk/.rvm/gems/ruby-2.4.1/gems/rack-protection-2.0.2/lib/rack/protection/path_traversal.rb:16:in `call'
	/Users/michaelk/.rvm/gems/ruby-2.4.1/gems/rack-protection-2.0.2/lib/rack/protection/json_csrf.rb:26:in `call'
	/Users/michaelk/.rvm/gems/ruby-2.4.1/gems/rack-protection-2.0.2/lib/rack/protection/base.rb:50:in `call'
	/Users/michaelk/.rvm/gems/ruby-2.4.1/gems/rack-protection-2.0.2/lib/rack/protection/base.rb:50:in `call'
	/Users/michaelk/.rvm/gems/ruby-2.4.1/gems/rack-protection-2.0.2/lib/rack/protection/frame_options.rb:31:in `call'
	/Users/michaelk/.rvm/gems/ruby-2.4.1/gems/rack-2.0.5/lib/rack/logger.rb:15:in `call'
	/Users/michaelk/.rvm/gems/ruby-2.4.1/gems/rack-2.0.5/lib/rack/common_logger.rb:33:in `call'
	/Users/michaelk/.rvm/gems/ruby-2.4.1/gems/sinatra-2.0.2/lib/sinatra/base.rb:231:in `call'
	/Users/michaelk/.rvm/gems/ruby-2.4.1/gems/sinatra-2.0.2/lib/sinatra/base.rb:224:in `call'
	/Users/michaelk/.rvm/gems/ruby-2.4.1/gems/rack-2.0.5/lib/rack/head.rb:12:in `call'
	/Users/michaelk/.rvm/gems/ruby-2.4.1/gems/rack-2.0.5/lib/rack/method_override.rb:22:in `call'
	/Users/michaelk/.rvm/gems/ruby-2.4.1/gems/sinatra-2.0.2/lib/sinatra/show_exceptions.rb:22:in `call'
	/Users/michaelk/.rvm/gems/ruby-2.4.1/gems/sinatra-2.0.2/lib/sinatra/base.rb:194:in `call'
	/Users/michaelk/.rvm/gems/ruby-2.4.1/gems/sinatra-2.0.2/lib/sinatra/base.rb:1958:in `call'
	/Users/michaelk/.rvm/gems/ruby-2.4.1/gems/sinatra-2.0.2/lib/sinatra/base.rb:1502:in `block in call'
	/Users/michaelk/.rvm/gems/ruby-2.4.1/gems/sinatra-2.0.2/lib/sinatra/base.rb:1729:in `synchronize'
	/Users/michaelk/.rvm/gems/ruby-2.4.1/gems/sinatra-2.0.2/lib/sinatra/base.rb:1502:in `call'
	/Users/michaelk/.rvm/gems/ruby-2.4.1/gems/puma-3.11.4/lib/puma/configuration.rb:225:in `call'
	/Users/michaelk/.rvm/gems/ruby-2.4.1/gems/puma-3.11.4/lib/puma/server.rb:632:in `handle_request'
	/Users/michaelk/.rvm/gems/ruby-2.4.1/gems/puma-3.11.4/lib/puma/server.rb:446:in `process_client'
	/Users/michaelk/.rvm/gems/ruby-2.4.1/gems/puma-3.11.4/lib/puma/server.rb:306:in `block in run'
	/Users/michaelk/.rvm/gems/ruby-2.4.1/gems/puma-3.11.4/lib/puma/thread_pool.rb:120:in `block in spawn_thread'
- Gracefully stopping, waiting for requests to finish
=== puma shutdown: 2018-08-21 16:59:18 -0400 ===
- Goodbye!
== Sinatra has ended his set (crowd applauds)
Ignoring skylight-1.6.1 because its extensions are not built.  Try: gem pristine skylight --version 1.6.1
== Sinatra (v2.0.3) has taken the stage on 4567 for development with backup from Puma
Puma starting in single mode...
* Version 3.11.4 (ruby 2.4.1-p111), codename: Love Song
* Min threads: 0, max threads: 16
* Environment: development
* Listening on tcp://localhost:4567
== Someone is already performing on port 4567!
/Users/michaelk/.rvm/gems/ruby-2.4.1/gems/puma-3.11.4/lib/puma/single.rb:18:in `stop': undefined method `stop' for nil:NilClass (NoMethodError)
	from /Users/michaelk/.rvm/gems/ruby-2.4.1/gems/puma-3.11.4/lib/puma/launcher.rb:147:in `stop'
	from /Users/michaelk/.rvm/gems/ruby-2.4.1/gems/sinatra-2.0.3/lib/sinatra/base.rb:1439:in `quit!'
	from /Users/michaelk/.rvm/gems/ruby-2.4.1/gems/sinatra-2.0.3/lib/sinatra/base.rb:1464:in `ensure in run!'
	from /Users/michaelk/.rvm/gems/ruby-2.4.1/gems/sinatra-2.0.3/lib/sinatra/base.rb:1464:in `run!'
	from /Users/michaelk/.rvm/gems/ruby-2.4.1/gems/sinatra-2.0.3/lib/sinatra/main.rb:26:in `block in <module:Sinatra>'
/Users/michaelk/.rvm/gems/ruby-2.4.1/gems/puma-3.11.4/lib/puma/single.rb:18:in `stop': undefined method `stop' for nil:NilClass (NoMethodError)
	from /Users/michaelk/.rvm/gems/ruby-2.4.1/gems/puma-3.11.4/lib/puma/launcher.rb:147:in `stop'
	from /Users/michaelk/.rvm/gems/ruby-2.4.1/gems/sinatra-2.0.3/lib/sinatra/base.rb:1439:in `quit!'
	from /Users/michaelk/.rvm/gems/ruby-2.4.1/gems/sinatra-2.0.3/lib/sinatra/base.rb:1545:in `block in setup_traps'
Ignoring skylight-1.6.1 because its extensions are not built.  Try: gem pristine skylight --version 1.6.1
== Sinatra (v2.0.3) has taken the stage on 4567 for development with backup from Puma
Puma starting in single mode...
* Version 3.11.4 (ruby 2.4.1-p111), codename: Love Song
* Min threads: 0, max threads: 16
* Environment: development
* Listening on tcp://localhost:4567
== Someone is already performing on port 4567!
/Users/michaelk/.rvm/gems/ruby-2.4.1/gems/puma-3.11.4/lib/puma/single.rb:18:in `stop': undefined method `stop' for nil:NilClass (NoMethodError)
	from /Users/michaelk/.rvm/gems/ruby-2.4.1/gems/puma-3.11.4/lib/puma/launcher.rb:147:in `stop'
	from /Users/michaelk/.rvm/gems/ruby-2.4.1/gems/sinatra-2.0.3/lib/sinatra/base.rb:1439:in `quit!'
	from /Users/michaelk/.rvm/gems/ruby-2.4.1/gems/sinatra-2.0.3/lib/sinatra/base.rb:1464:in `ensure in run!'
	from /Users/michaelk/.rvm/gems/ruby-2.4.1/gems/sinatra-2.0.3/lib/sinatra/base.rb:1464:in `run!'
	from /Users/michaelk/.rvm/gems/ruby-2.4.1/gems/sinatra-2.0.3/lib/sinatra/main.rb:26:in `block in <module:Sinatra>'
/Users/michaelk/.rvm/gems/ruby-2.4.1/gems/puma-3.11.4/lib/puma/single.rb:18:in `stop': undefined method `stop' for nil:NilClass (NoMethodError)
	from /Users/michaelk/.rvm/gems/ruby-2.4.1/gems/puma-3.11.4/lib/puma/launcher.rb:147:in `stop'
	from /Users/michaelk/.rvm/gems/ruby-2.4.1/gems/sinatra-2.0.3/lib/sinatra/base.rb:1439:in `quit!'
	from /Users/michaelk/.rvm/gems/ruby-2.4.1/gems/sinatra-2.0.3/lib/sinatra/base.rb:1545:in `block in setup_traps'
